[2024-05-23T02:47:25.060Z] [INFO] Request URL: /
[2024-05-23T02:47:25.604Z] [INFO] Request URL: /favicon.ico
[2024-05-23T03:13:27.731Z] [INFO] Request URL: /login
[2024-05-23T03:13:28.809Z] [INFO] Request URL: /favicon.ico
[2024-05-23T03:13:32.520Z] [INFO] Request URL: /
[2024-05-24T00:24:36.299Z] [INFO] Request URL: /
[2024-05-24T00:24:36.435Z] [INFO] Request URL: /favicon.ico
[2024-05-24T00:51:38.594Z] [INFO] Request URL: /login
[2024-05-24T00:51:42.786Z] [INFO] Request URL: /
[2024-05-24T03:23:24.010Z] [INFO] Request URL: /realtimeproducts
[2024-05-24T03:23:33.847Z] [INFO] Request URL: /login
[2024-05-24T03:23:38.457Z] [INFO] Request URL: /
[2024-05-24T03:23:43.731Z] [INFO] Request URL: /realtimeproducts
[2024-05-24T03:23:54.697Z] [INFO] Request URL: /products
[2024-05-24T03:23:55.144Z] [INFO] Request URL: /cart
[2024-05-24T03:34:50.056Z] [INFO] Request URL: /products/64f1638f800eba5f54657f97/add-to-cart
[2024-05-24T03:34:51.714Z] [INFO] Request URL: /cart
[2024-05-24T03:34:54.193Z] [INFO] Request URL: /products/64f1638f800eba5f54657f97/add-to-cart
[2024-05-24T03:34:55.082Z] [INFO] Request URL: /cart
[2024-05-24T03:34:57.038Z] [INFO] Request URL: /products
[2024-05-24T03:34:57.624Z] [INFO] Request URL: /favicon.ico
[2024-05-24T03:34:57.763Z] [INFO] Request URL: /cart
[2024-05-24T04:01:12.453Z] [INFO] Request URL: /products
[2024-05-24T04:01:13.062Z] [INFO] Request URL: /favicon.ico
[2024-05-24T04:01:13.144Z] [INFO] Request URL: /cart
[2024-05-24T04:01:18.894Z] [INFO] Request URL: /products
[2024-05-24T04:01:19.611Z] [INFO] Request URL: /cart
[2024-05-24T04:01:49.462Z] [INFO] Request URL: /products/64f1638f800eba5f54657f91/add-to-cart
[2024-05-24T04:01:50.369Z] [INFO] Request URL: /cart
[2024-05-24T06:07:09.816Z] [INFO] Request URL: /
[2024-05-24T06:07:09.968Z] [INFO] Request URL: /favicon.ico
[2024-05-24T06:07:14.554Z] [INFO] Request URL: /login
[2024-05-24T06:07:22.125Z] [INFO] Request URL: /
[2024-05-24T06:07:35.956Z] [INFO] Request URL: /products?page=2
[2024-05-24T06:07:36.413Z] [INFO] Request URL: /cart
[2024-05-24T06:07:38.598Z] [INFO] Request URL: /cart/removeProductCart
[2024-05-24T06:19:30.353Z] [INFO] Request URL: /cart/removeProductCart
[2024-05-24T06:25:27.076Z] [INFO] Request URL: /cart/removeProductCart
[2024-05-24T06:25:37.560Z] [INFO] Request URL: /cart/removeProductCart
[2024-05-24T06:25:54.974Z] [INFO] Request URL: /cart/removeProductCart
[2024-05-24T06:27:39.274Z] [INFO] Request URL: /cart/removeProductCart
[2024-05-24T06:28:01.460Z] [INFO] Request URL: /cart/removeProductCart
[2024-05-24T06:51:29.534Z] [INFO] Request URL: /cart/removeProductCart
[2024-05-24T06:53:05.440Z] [INFO] Request URL: /cart/removeProductCart
[2024-05-24T22:19:53.641Z] [INFO] Request URL: /
[2024-05-24T22:19:54.536Z] [INFO] Request URL: /favicon.ico
[2024-05-24T22:19:58.266Z] [INFO] Request URL: /login
[2024-05-24T22:19:59.351Z] [INFO] Request URL: /favicon.ico
[2024-05-24T22:20:04.810Z] [INFO] Request URL: /
[2024-05-24T22:23:10.478Z] [INFO] Request URL: /products
[2024-05-24T22:23:11.557Z] [INFO] Request URL: /favicon.ico
[2024-05-24T22:23:12.234Z] [INFO] Request URL: /cart
[2024-05-24T22:23:50.236Z] [INFO] Request URL: /cart/removeProductCart/64f1638f800eba5f54657f91
[2024-05-24T22:37:20.709Z] [INFO] Request URL: /products
[2024-05-24T22:37:21.814Z] [INFO] Request URL: /favicon.ico
[2024-05-24T22:37:22.484Z] [INFO] Request URL: /cart
[2024-05-24T22:37:24.204Z] [INFO] Request URL: /cart/removeProductCart/64f1638f800eba5f54657f8a
[2024-05-24T22:48:56.402Z] [INFO] Request URL: /cart/removeProductCart/64f1638f800eba5f54657f91
[2024-05-24T22:49:03.058Z] [INFO] Request URL: /cart/removeProductCart/64f1638f800eba5f54657f91
[2024-05-24T22:49:36.163Z] [INFO] Request URL: /cart/removeProductCart/64f1638f800eba5f54657f91
[2024-05-24T22:51:45.467Z] [INFO] Request URL: /cart/removeProductCart/64f1638f800eba5f54657f91
[2024-05-24T22:54:44.483Z] [INFO] Request URL: /cart/removeProductCart/64f1638f800eba5f54657f91
[2024-05-24T23:13:04.345Z] [INFO] Request URL: /cart/removeProductCart/64f1638f800eba5f54657f91
[2024-05-24T23:19:36.989Z] [INFO] Request URL: /cart/removeProductCart/64f1638f800eba5f54657f8a
[2024-05-24T23:20:09.328Z] [INFO] Request URL: /products
[2024-05-24T23:20:15.578Z] [INFO] Request URL: /login
[2024-05-24T23:20:16.125Z] [INFO] Request URL: /favicon.ico
[2024-05-24T23:20:21.470Z] [INFO] Request URL: /
[2024-05-24T23:20:24.705Z] [INFO] Request URL: /products?page=2
[2024-05-24T23:20:25.999Z] [INFO] Request URL: /cart
[2024-05-24T23:20:59.176Z] [INFO] Request URL: /cart/removeProductCart/64f1638f800eba5f54657f97
[2024-05-24T23:22:04.914Z] [INFO] Request URL: /products?page=2
[2024-05-24T23:22:06.008Z] [INFO] Request URL: /favicon.ico
[2024-05-24T23:22:06.682Z] [INFO] Request URL: /cart
[2024-05-24T23:22:09.279Z] [INFO] Request URL: /cart/removeProductCart/64f1638f800eba5f54657f97
[2024-05-24T23:22:13.097Z] [INFO] Request URL: /products?page=2
[2024-05-24T23:22:13.776Z] [INFO] Request URL: /cart
[2024-05-24T23:22:16.103Z] [INFO] Request URL: /products/64f1638f800eba5f54657f8a/add-to-cart
[2024-05-24T23:22:16.996Z] [INFO] Request URL: /cart
[2024-05-24T23:22:19.477Z] [INFO] Request URL: /products/64f1638f800eba5f54657fa0/add-to-cart
[2024-05-24T23:22:20.377Z] [INFO] Request URL: /cart
[2024-05-24T23:22:21.114Z] [INFO] Request URL: /products/64f1638f800eba5f54657f8e/add-to-cart
[2024-05-24T23:22:21.299Z] [INFO] Request URL: /products/64f1638f800eba5f54657f88/add-to-cart
[2024-05-24T23:22:21.503Z] [INFO] Request URL: /products/64f1638f800eba5f54657f88/add-to-cart
[2024-05-24T23:22:21.651Z] [INFO] Request URL: /products/64f1638f800eba5f54657f88/add-to-cart
[2024-05-24T23:22:22.017Z] [INFO] Request URL: /cart
[2024-05-24T23:22:22.231Z] [INFO] Request URL: /cart
[2024-05-24T23:22:22.418Z] [INFO] Request URL: /cart
[2024-05-24T23:22:22.555Z] [INFO] Request URL: /cart
[2024-05-24T23:22:52.661Z] [INFO] Request URL: /cart/removeProductCart/64f1638f800eba5f54657fa0
[2024-05-24T23:25:47.507Z] [INFO] Request URL: /cart/removeProductCart/64f1638f800eba5f54657f88
[2024-05-24T23:29:24.536Z] [INFO] Request URL: /cart/removeProductCart/64f1638f800eba5f54657f88
[2024-05-24T23:29:25.527Z] [INFO] Request URL: /cart
[2024-05-24T23:29:31.500Z] [INFO] Request URL: /cart/removeProductCart/64f1638f800eba5f54657f88
[2024-05-24T23:29:32.930Z] [INFO] Request URL: /cart
[2024-05-24T23:29:39.852Z] [INFO] Request URL: /cart/removeProductCart/64f1638f800eba5f54657f8e
[2024-05-24T23:29:40.622Z] [INFO] Request URL: /cart
